<?xml version="1.0" encoding="UTF-8"?>
<!-- Generated by org.testng.reporters.JUnitReportReporter -->
<testsuite hostname="DESKTOP-GTANLOK" failures="0" tests="4" name="TestNgFeatures" time="0.002" errors="0" timestamp="10 Jan. 2020 01:44:26 GMT" skipped="0">
  <testcase classname="TestNgFeatures" name="HomePageTest" time="0.000"/>
  <testcase classname="TestNgFeatures" name="loginTest" time="0.001"/>
  <testcase classname="TestNgFeatures" name="RegPageTest" time="0.000"/>
  <testcase classname="TestNgFeatures" name="SearchPageTest" time="0.001"/>
</testsuite> <!-- TestNgFeatures -->
