<?xml version="1.0" encoding="UTF-8"?>
<!-- Generated by org.testng.reporters.JUnitReportReporter -->
<testsuite hostname="DESKTOP-GTANLOK" failures="0" tests="2" name="GoogleTest" time="25.151" errors="0" timestamp="10 Jan. 2020 01:44:25 GMT" skipped="0">
  <testcase classname="GoogleTest" name="googleLogoTest" time="11.860"/>
  <testcase classname="GoogleTest" name="googleTitleTest" time="13.291"/>
</testsuite> <!-- GoogleTest -->
