<?xml version="1.0" encoding="UTF-8"?>
<!-- Generated by org.testng.reporters.JUnitReportReporter -->
<testsuite hostname="DESKTOP-GTANLOK" failures="0" tests="4" name="TestNgFeatures" time="0.017" errors="0" timestamp="21 Jan. 2020 16:55:11 GMT" skipped="0">
  <testcase classname="TestNgFeatures" name="RegPageTest" time="0.001"/>
  <testcase classname="TestNgFeatures" name="loginTest" time="0.016"/>
  <testcase classname="TestNgFeatures" name="HomePageTest" time="0.000"/>
  <testcase classname="TestNgFeatures" name="SearchPageTest" time="0.000"/>
</testsuite> <!-- TestNgFeatures -->
