<?xml version="1.0" encoding="UTF-8"?>
<!-- Generated by org.testng.reporters.JUnitReportReporter -->
<testsuite hostname="DESKTOP-GTANLOK" failures="0" tests="2" name="GoogleTest" time="26.579" errors="0" timestamp="10 Jan. 2020 16:29:00 GMT" skipped="0">
  <testcase classname="GoogleTest" name="googleLogoTest" time="15.237"/>
  <testcase classname="GoogleTest" name="googleTitleTest" time="11.342"/>
</testsuite> <!-- GoogleTest -->
