<?xml version="1.0" encoding="UTF-8"?>
<!-- Generated by org.testng.reporters.JUnitReportReporter -->
<testsuite hostname="DESKTOP-GTANLOK" failures="0" tests="4" name="TestNgFeatures" time="0.013" errors="0" timestamp="09 Jan. 2020 21:19:53 GMT" skipped="0">
  <testcase classname="TestNgFeatures" name="RegPageTest" time="0.000"/>
  <testcase classname="TestNgFeatures" name="loginTest" time="0.013"/>
  <testcase classname="TestNgFeatures" name="HomePageTest" time="0.000"/>
  <testcase classname="TestNgFeatures" name="SearchPageTest" time="0.000"/>
</testsuite> <!-- TestNgFeatures -->
