<?xml version="1.0" encoding="UTF-8"?>
<!-- Generated by org.testng.reporters.JUnitReportReporter -->
<testsuite hostname="DESKTOP-GTANLOK" failures="0" tests="1" name="GoogleTest" time="13.404" errors="0" timestamp="09 Jan. 2020 21:01:59 GMT" skipped="0">
  <testcase classname="GoogleTest" name="googleTitleTest" time="13.404"/>
</testsuite> <!-- GoogleTest -->
