<?xml version="1.0" encoding="UTF-8"?>
<!-- Generated by org.testng.reporters.JUnitReportReporter -->
<testsuite hostname="DESKTOP-GTANLOK" failures="0" tests="2" name="testngBasics" time="0.007" errors="0" timestamp="10 Jan. 2020 16:29:00 GMT" skipped="0">
  <testcase classname="testngBasics" name="googleTitleTest" time="0.004"/>
  <testcase classname="testngBasics" name="searchTest" time="0.003"/>
</testsuite> <!-- testngBasics -->
